path: ./audio_data/66.wav  sr: 16000  duration: 959.0  feature.shape: (34479, 3)
path: ./audio_data/70.wav  sr: 16000  duration: 204.0  feature.shape: (6784, 3)
path: ./audio_data/72.wav  sr: 16000  duration: 459.0  feature.shape: (17897, 3)
path: ./audio_data/1.wav  sr: 16000  duration: 14.0  feature.shape: (581, 3)
path: ./audio_data/3.wav  sr: 16000  duration: 59.0  feature.shape: (1823, 3)
path: ./audio_data/5.wav  sr: 16000  duration: 309.0  feature.shape: (10469, 3)
path: ./audio_data/8.wav  sr: 16000  duration: 119.0  feature.shape: (3996, 3)
target_advise_list of 66.wav: ['5', '70', '72', '8', '3']
['66', 0.5625, 88.4125] ['5', 90.375, 178.225]
['66', 104.8875, 119.075] ['70', 2.7375, 16.925]
['66', 895.975, 908.9625] ['72', 430.9375, 443.9375]
['66', 90.4875, 104.2625] ['72', 415.45, 429.2375]
['66', 940.5, 952.9375] ['72', 130.475, 142.9]
target_advise_list of 70.wav: ['72', '66', '5']
['70', 2.9375, 16.925] ['72', 355.05, 369.0375]
['70', 2.7375, 16.925] ['66', 104.8875, 119.075]
target_advise_list of 72.wav: ['70', '66', '5', '8']
['72', 355.05, 369.0375] ['70', 2.9375, 16.925]
['72', 430.9375, 443.9375] ['66', 895.975, 908.9625]
['72', 415.45, 429.2375] ['66', 90.4875, 104.2625]
['72', 130.475, 142.9] ['66', 940.5, 952.9375]
target_advise_list of 1.wav: []
target_advise_list of 3.wav: ['8', '5', '66']
['3', 0.4, 58.9375] ['8', 0.3125, 58.85]
['3', 1.875, 58.9375] ['5', 181.7875, 238.85]
target_advise_list of 5.wav: ['8', '66', '72', '70', '3']
['5', 181.175, 238.9625] ['8', 1.175, 58.9625]
['5', 90.375, 178.225] ['66', 0.5625, 88.4125]
['5', 181.7875, 238.85] ['3', 1.875, 58.9375]
target_advise_list of 8.wav: ['3', '5', '66', '72']
['8', 0.3125, 58.85] ['3', 0.4, 58.9375]
['8', 1.175, 58.9625] ['5', 181.175, 238.9625]
